[1.986s] Invoking command in '/home/user/ros2_ws/src/robot_description': PYTHONPATH=/home/user/ros2_ws/src/robot_description/install/robot_description/lib/python3.10/site-packages:${PYTHONPATH} _=/usr/bin/env /usr/bin/python3 setup.py egg_info --egg-base build/robot_description build --build-base /home/user/ros2_ws/src/robot_description/build/robot_description/build install --prefix /home/user/ros2_ws/src/robot_description/install/robot_description --record /home/user/ros2_ws/src/robot_description/build/robot_description/install.log --single-version-externally-managed
[2.223s] running egg_info
[2.224s] creating build/robot_description/robot_description.egg-info
[2.224s] writing build/robot_description/robot_description.egg-info/PKG-INFO
[2.224s] writing dependency_links to build/robot_description/robot_description.egg-info/dependency_links.txt
[2.224s] writing entry points to build/robot_description/robot_description.egg-info/entry_points.txt
[2.224s] writing requirements to build/robot_description/robot_description.egg-info/requires.txt
[2.225s] writing top-level names to build/robot_description/robot_description.egg-info/top_level.txt
[2.225s] writing manifest file 'build/robot_description/robot_description.egg-info/SOURCES.txt'
[2.226s] reading manifest file 'build/robot_description/robot_description.egg-info/SOURCES.txt'
[2.227s] writing manifest file 'build/robot_description/robot_description.egg-info/SOURCES.txt'
[2.227s] running build
[2.227s] running build_py
[2.228s] creating /home/user/ros2_ws/src/robot_description/build/robot_description/build
[2.228s] creating /home/user/ros2_ws/src/robot_description/build/robot_description/build/lib
[2.228s] creating /home/user/ros2_ws/src/robot_description/build/robot_description/build/lib/robot_description
[2.228s] copying robot_description/__init__.py -> /home/user/ros2_ws/src/robot_description/build/robot_description/build/lib/robot_description
[2.228s] running install
[2.228s] /usr/lib/python3/dist-packages/setuptools/command/install.py:34: SetuptoolsDeprecationWarning: setup.py install is deprecated. Use build and pip and other standards-based tools.
[2.228s]   warnings.warn(
[2.229s] running install_lib
[2.229s] creating /home/user/ros2_ws/src/robot_description/install/robot_description/lib/python3.10/site-packages/robot_description
[2.229s] copying /home/user/ros2_ws/src/robot_description/build/robot_description/build/lib/robot_description/__init__.py -> /home/user/ros2_ws/src/robot_description/install/robot_description/lib/python3.10/site-packages/robot_description
[2.230s] byte-compiling /home/user/ros2_ws/src/robot_description/install/robot_description/lib/python3.10/site-packages/robot_description/__init__.py to __init__.cpython-310.pyc
[2.230s] running install_data
[2.231s] creating /home/user/ros2_ws/src/robot_description/install/robot_description/share/ament_index
[2.231s] creating /home/user/ros2_ws/src/robot_description/install/robot_description/share/ament_index/resource_index
[2.231s] creating /home/user/ros2_ws/src/robot_description/install/robot_description/share/ament_index/resource_index/packages
[2.231s] copying resource/robot_description -> /home/user/ros2_ws/src/robot_description/install/robot_description/share/ament_index/resource_index/packages
[2.231s] copying package.xml -> /home/user/ros2_ws/src/robot_description/install/robot_description/share/robot_description
[2.231s] creating /home/user/ros2_ws/src/robot_description/install/robot_description/share/robot_description/meshes
[2.231s] copying meshes/chassis.stl -> /home/user/ros2_ws/src/robot_description/install/robot_description/share/robot_description/meshes
[2.231s] creating /home/user/ros2_ws/src/robot_description/install/robot_description/share/robot_description/urdf
[2.232s] copying urdf/robot.urdf -> /home/user/ros2_ws/src/robot_description/install/robot_description/share/robot_description/urdf
[2.232s] creating /home/user/ros2_ws/src/robot_description/install/robot_description/share/robot_description/rviz
[2.232s] creating /home/user/ros2_ws/src/robot_description/install/robot_description/share/robot_description/launch
[2.232s] copying launch/rviz.launch.py -> /home/user/ros2_ws/src/robot_description/install/robot_description/share/robot_description/launch
[2.232s] running install_egg_info
[2.233s] Copying build/robot_description/robot_description.egg-info to /home/user/ros2_ws/src/robot_description/install/robot_description/lib/python3.10/site-packages/robot_description-0.0.0-py3.10.egg-info
[2.234s] running install_scripts
[2.255s] writing list of installed files to '/home/user/ros2_ws/src/robot_description/build/robot_description/install.log'
[2.280s] Invoked command in '/home/user/ros2_ws/src/robot_description' returned '0': PYTHONPATH=/home/user/ros2_ws/src/robot_description/install/robot_description/lib/python3.10/site-packages:${PYTHONPATH} _=/usr/bin/env /usr/bin/python3 setup.py egg_info --egg-base build/robot_description build --build-base /home/user/ros2_ws/src/robot_description/build/robot_description/build install --prefix /home/user/ros2_ws/src/robot_description/install/robot_description --record /home/user/ros2_ws/src/robot_description/build/robot_description/install.log --single-version-externally-managed
